<?xml version="1.0" encoding="UTF-8"?>
<!-- Generated by org.testng.reporters.JUnitReportReporter -->
<testsuite skipped="0" hostname="Ahammed" name="test.SeleniumEasy.testTwo" tests="1" failures="0" timestamp="17 Jun 2018 07:48:06 GMT" time="0.007" errors="0">
  <testcase name="hello" time="0.007" classname="test.SeleniumEasy.testTwo"/>
</testsuite> <!-- test.SeleniumEasy.testTwo -->
