<?xml version="1.0" encoding="UTF-8"?>
<!-- Generated by org.testng.reporters.JUnitReportReporter -->
<testsuite skipped="0" hostname="Ahammed" name="test.SeleniumEasy.simpleFromeDemo.TC002_DoubleSimpleFromDemo" tests="1" failures="0" timestamp="20 Jun 2018 02:55:59 GMT" time="0.340" errors="0">
  <testcase name="DemoTest" time="0.340" classname="test.SeleniumEasy.simpleFromeDemo.TC002_DoubleSimpleFromDemo"/>
</testsuite> <!-- test.SeleniumEasy.simpleFromeDemo.TC002_DoubleSimpleFromDemo -->
