<?xml version="1.0" encoding="UTF-8"?>
<!-- Generated by org.testng.reporters.JUnitReportReporter -->
<testsuite hostname="Ahammed" name="test.SeleniumEasy.Tests" tests="1" failures="0" timestamp="17 Jun 2018 07:45:20 GMT" time="15.468" errors="0">
  <testcase name="main" time="15.468" classname="test.SeleniumEasy.Tests"/>
</testsuite> <!-- test.SeleniumEasy.Tests -->
