<?xml version="1.0" encoding="UTF-8"?>
<!-- Generated by org.testng.reporters.JUnitReportReporter -->
<testsuite skipped="0" hostname="Ahammed" name="test.SeleniumEasy.simpleFromeDemo.TC0001_singleSimplFromDemo" tests="1" failures="0" timestamp="18 Aug 2018 03:30:24 GMT" time="0.915" errors="0">
  <testcase name="DemoTest" time="0.915" classname="test.SeleniumEasy.simpleFromeDemo.TC0001_singleSimplFromDemo"/>
</testsuite> <!-- test.SeleniumEasy.simpleFromeDemo.TC0001_singleSimplFromDemo -->
