<?xml version="1.0" encoding="UTF-8"?>
<!-- Generated by org.testng.reporters.JUnitReportReporter -->
<testsuite skipped="0" hostname="Ahammed" name="testsss.tests" tests="1" failures="0" timestamp="18 Jun 2018 05:31:37 GMT" time="0.005" errors="0">
  <testcase name="main" time="0.005" classname="testsss.tests"/>
</testsuite> <!-- testsss.tests -->
